{
  "AccessGatewayFilter": "```test_results\nTest Summary:\n-TOTAL NUMBER OF TESTS EXECUTED: 19\n-PASS/FAIL COUNT:\n  - Passed: 5\n  - Failed/Errors: 14\n\n-SUMMARY OF ERROR MESSAGES:\n  Two distinct error patterns caused the failures:\n\n  1) AttributeError: 'dict' object has no attribute 'path'\n     - Occurred in tests: test_AccessGatewayFilter, test_filter_1, test_filter_2, test_filter_3, test_filter_4\n     - Cause: The tests pass request objects as plain dicts, but the translated code expects a Request instance with attributes (request.path, request.method, request.auth). The code does not handle dict-style inputs.\n\n  2) AttributeError: 'method_descriptor' object has no attribute 'today'\n     - Occurred in tests: test_filter_5, test_filter_6, test_filter_7, test_filter_8, test_get_jwt_user_1, test_get_jwt_user_2, test_get_jwt_user_3, test_get_jwt_user_4, test_get_jwt_user_5\n     - Cause: The translated code uses \"from datetime import datetime, timedelta\", so the name datetime in the module refers to the datetime class, not the datetime module. The tests call datetime.date.today() (expecting datetime to be the module), which raises AttributeError.\n\n-SUGGESTED FIXES (concise):\n  - Make the filter and helper methods accept both dict-style requests and object-style requests (e.g., check for attributes and fallback to dict keys).\n  - Change the import to \"import datetime\" (or also import the module) so datetime.date.today() in tests works, or update code to use datetime.datetime and datetime.timedelta consistently.\n\n```",
  "AreaCalculator": "```test_results\nTest Summary:\n-TOTAL NUMBER OF TESTS EXECUTED: 26\n-PASS/FAIL COUNT FOR EACH CODE: 26 passed, 0 failed\n-SUMMARY OF ERROR MESSAGE IF ANY: No errors; all tests passed successfully.\n```",
  "ArgumentParser": "```test_results\nTest Summary:\n-TOTAL NUMBER OF TESTS EXECUTED: 21\n-PASSED: 6\n-FAILURES: 10\n-ERRORS: 5\n\n-PASS/FAIL COUNT FOR THIS PROGRAM KEY (ArgumentParser):\n  Passed: 6\n  Failed: 10\n  Errored: 5\n\n-SUMMARY OF ERROR MESSAGES AND MAJOR ISSUES FOUND:\n  1) AttributeError: missing method name expected by tests\n     - Error message: AttributeError: 'ArgumentParser' object has no attribute '_convert_type'\n     - Occurred in 5 tests (ArgumentParserTestConvertType.*)\n     - Cause: the implementation provides convert_type(self, ...) but tests call _convert_type(...). Either provide an alias _convert_type or rename accordingly.\n\n  2) add_argument stores wrong type representations\n     - Failure examples: tests expecting types like {\"name\": str, \"age\": int} but got {'name': 'string', 'age': <class 'int'>}\n     - Cause: add_argument stores the arg_type string \"string\" rather than the actual Python type object (str). Tests expect actual types: str, int, bool.\n\n  3) parse_arguments returns an empty set instead of None when no missing args\n     - Failures: ArgumentParserTestParseArguments.test_parse_arguments_1, _2, _4, _5 reported missing_args equal to set() when tests expect None.\n     - Cause: when no required args are missing, the code returns an empty set rather than None (tests expect missing_args to be None in that case).\n\n  4) parse_arguments input-reading logic is buggy\n     - Failures including parse-related tests and main: the code uses StringIO and calls iss.readline() multiple times in the same expression, causing input lines to be consumed twice and incorrect parsing of short flags and values.\n     - Effects seen: incorrect parsing of short flags, values, and overall missing arguments.\n\n  5) Type conversion behavior partly implemented but mismatches test expectations\n     - Tests expect type mappings to use Python types (int, bool) and conversion helper accessible via the expected method name; current converters are present but tied to string keys and convert_type method. Combined with (1) and (2), conversion tests error or fail.\n\n-RECOMMENDED FIXES (high level):\n  - Provide a method _convert_type (or alias convert_type to _convert_type) to satisfy tests.\n  - Change add_argument to store actual Python type objects (e.g., str, int, bool) rather than strings like \"string\".\n  - Adjust parse_arguments to:\n    - Read tokens from the command string without calling readline() multiple times in a single expression (use a proper tokenizer or split).\n    - Return missing_args as None when there are no missing required arguments (to match tests).\n  - Ensure type conversion uses the stored Python type objects or adjust tests' expected mapping accordingly.\n\n```",
  "ArrangementCalculator": "```test_results\nTest Summary:\n-TOTAL NUMBER OF TESTS EXECUTED: 27\n-PASS/FAIL COUNT FOR EACH CODE:\n - ArrangementCalculator: 27 passed, 0 failed\n-SUMMARY OF ERROR MESSAGE IF ANY:\n - No errors. All tests passed (OK).\n```",
  "AssessmentSystem": "```test_results\nTest Summary:\n- TOTAL NUMBER OF TESTS EXECUTED: 31\n- PASS/FAIL/ERROR COUNT:\n  - Passed: 6\n  - Failures: 6\n  - Errors: 19\n\n- SUMMARY OF ERROR MESSAGES:\n  1. Repeated AttributeError: \"'dict' object has no attribute 'courses'\"\n     - Occurred in many tests (e.g., tests for add_course_score, get_gpa, get_all_students_with_fail_course, get_course_average, get_top_student).\n     - Root cause (from trace): code attempted to access .courses on objects taken from assessment_system.students, but those entries were dicts in the test setup, so .courses attribute did not exist.\n  2. AssertionError comparing stored student representation:\n     - Several tests (add_student family and main) expected assessment_system.students to contain plain dict structures like {'name': ..., 'grade': ..., 'major': ..., 'courses': {...}} but actual code inserted Student instances (<__main__.Student object ...>), causing assertion mismatches.\n\nOverall: Most errors stem from a mismatch between the tests' expected student-data representation (plain dicts) and the implementation (Student objects with a .courses attribute), causing both AttributeErrors and assertion failures.\n```",
  "AutomaticGuitarSimulator": "```test_results\nTest Summary:\n- TOTAL NUMBER OF TESTS EXECUTED: 15\n- PASSED: 0\n- FAILED: 10\n- ERRORED: 5\n\nSummary of error messages / root causes:\n- AttributeError in display tests:\n  \"AttributeError: 'AutomaticGuitarSimulator' object has no attribute 'display'\"\n  -> The tests expect a display() method on AutomaticGuitarSimulator, but the translated code only provides format_display() and uses an interpret(display=True) flag to print. This causes all display-related tests to error out.\n\n- Type / structure mismatches (AssertionError):\n  \"Lists differ: [<__main__.PlayItem object ...>] != [{'Chord': 'C', 'Tune': '53231323'}]\"\n  -> interpret() currently returns a list of PlayItem instances. The tests expect a list of dictionaries with keys 'Chord' and 'Tune'. This causes many assertion failures.\n\n- Tokenization / empty-segment behavior (AssertionError):\n  \"Lists differ: [] != [{'Chord': '', 'Tune': ''}, {'Chord': '', 'Tune': ''}]\"\n  -> The code uses str.split() which removes empty segments. Tests expect empty tokens to be returned as items with empty chord/tune fields for certain inputs.\n\n- Unexpected return for empty input (AssertionError):\n  \"AssertionError: [] is not None\"\n  -> For a specific test (test_interpret_9) the tests expect None but interpret() returns an empty list for falsy/empty play_text.\n\nAdditional observed output:\n- The code prints the formatted display string when interpret(display=True): \"Normal Guitar Playing -- Chord: C, Play Tune: 53231323\" (seen in stdout).\n\nOverall conclusion:\n- No tests passed. Fixes needed:\n  1) Add a display(chord, tune) method matching the expected signature or adapt to the tests' expectations.\n  2) Have interpret() return lists of dictionaries with keys 'Chord' and 'Tune' (not PlayItem objects).\n  3) Adjust splitting/tokenization so empty segments are preserved when required by tests.\n  4) Match the expected return value for empty or None input (None vs empty list) as per the test suite.\n```",
  "AvgPartition": "```test_results\nTest Summary:\n-TOTAL NUMBER OF TESTS EXECUTED: 11\n-PASS/FAIL COUNT FOR EACH CODE: Passed: 5, Failed (errors): 6\n-SUMMARY OF ERROR MESSAGE IF ANY:\n All 6 failing tests raised AttributeError: 'AvgPartition' object has no attribute 'setNum'.\n The test suite expects a method named setNum(), but the translated code defines set_num() instead, causing the missing attribute errors in:\n  - test_main\n  - test_setNum\n  - test_setNum_2\n  - test_setNum_3\n  - test_setNum_4\n  - test_setNum_5\n```",
  "BalancedBrackets": "```test_results\nTest Summary:\n-TOTAL NUMBER OF TESTS EXECUTED: 15\n-PASS/FAIL COUNT FOR EACH CODE: PASS: 15 / FAIL: 0\n-SUMMARY OF ERROR MESSAGE IF ANY: None (all tests passed successfully)\n```",
  "BankAccount": "```test_results\nTest Summary:\n-TOTAL NUMBER OF TESTS EXECUTED: 22\n-PASS/FAIL COUNT FOR EACH CODE:\n  - BankAccount: 22 passed, 0 failed\n-SUMMARY OF ERROR MESSAGE IF ANY:\n  - No errors. All tests passed (Ran 22 tests, OK).\n```",
  "BigNumCalculator": "```test_results\nTest Summary:\n- TOTAL NUMBER OF TESTS EXECUTED: 17\n\n- PASS/FAIL COUNT FOR EACH CODE:\n  - add: 5 passed, 0 failed\n  - subtract: 5 passed, 0 failed\n  - multiply: 6 passed, 0 failed\n  - main (integration/basic invocation): 1 passed, 0 failed\n\n- SUMMARY OF ERROR MESSAGE IF ANY:\n  - No errors; all tests passed successfully.\n```",
  "BinaryDataProcessor": "```test_results\nTest Summary:\n-TOTAL NUMBER OF TESTS EXECUTED: 21\n-PASS/FAIL COUNT FOR EACH CODE: PASS: 21 / FAIL: 0\n-SUMMARY OF ERROR MESSAGE IF ANY: None (all tests passed successfully)\n```",
  "BitStatusUtil": "```test_results\nTest Summary:\n-TOTAL NUMBER OF TESTS EXECUTED: 21\n-PASS/FAIL COUNT FOR EACH CODE: PASS: 21 / FAIL: 0\n-SUMMARY OF ERROR MESSAGE IF ANY: None — all tests passed successfully.\n```",
  "BlackjackGame": "```test_results\nTest Summary:\n-TOTAL NUMBER OF TESTS EXECUTED: 18\n-BlackjackGame: 17 passed, 1 failed\n\n-SUMMARY OF ERROR MESSAGE IF ANY:\nFailing test: test_calculate_hand_value_6\nAssertionError: expected 20 but got 40\nTraceback snippet: \n  File \".../tmp...py\", line 114, in test_calculate_hand_value_6\n    self.assertEqual(blackjackGame.calculate_hand_value(hand), 20)\nAssertionError: 40 != 20\n\nThe failure indicates calculate_hand_value returned 40 for a hand where the test expected 20 (test_calculate_hand_value_6). All other tests (create_deck, calculate_hand_value other cases, check_winner, main) passed.\n```",
  "BookManagement": "```test_results\nTest Summary:\n-TOTAL NUMBER OF TESTS EXECUTED: 21\n-PASS/FAIL COUNT FOR EACH CODE: 21 passed, 0 failed\n-SUMMARY OF ERROR MESSAGE IF ANY: No errors; all tests passed successfully.\n```",
  "BookManagementDB": "```test_results\nTest Summary:\n-TOTAL NUMBER OF TESTS EXECUTED: Ran 7 tests (unittest report)\n-PASS/FAIL COUNT FOR EACH CODE:\n-  Failures: 2\n-  Errors: 8\n-  Note: The reported failures+errors (10) exceed the total tests run (7) — this is how the test harness printed the results (inconsistent counts).\n\n-SUMMARY OF ERROR MESSAGES:\n1) sqlite3.OperationalError: no such table: books\n   - Occurred in add_book (and consequently in tests that add/modify rows).\n   - Root cause: tests attempted to insert/update rows before the books table was created.\n\n2) PermissionError: [WinError 32] The process cannot access the file because it is being used by another process: 'test.db'\n   - Occurred in multiple tearDown calls when tests attempted to remove the test database file.\n   - Likely cause: the DB connection was still open (the file locked) when os.remove was called because __del__ may not have been invoked yet.\n\n3) TypeError: 'NoneType' object is not subscriptable\n   - Occurred in return_book test when indexing result that was None (query returned no row).\n   - Cascade effect from earlier failures (records not inserted).\n\n4) AssertionError: expected length 3 but got 4 (test_search_books)\n   - The test expected 3 books but got 4 rows back from search_books.\n   - Suggests either duplicate inserts or leftover data across tests (DB not reset/isolated between tests).\n\n5) create_table test returned None (assertIsNotNone failed)\n   - The test expected a non-None result from whatever was checked; the code path returned None.\n\nSUMMARY / RECOMMENDATIONS:\n- Ensure create_table() is called (or executed automatically) before any add/borrow/return/remove operations in tests.\n- Provide an explicit close() method (calling connection.close()) and call it in test tearDown to avoid file-lock PermissionError (relying on __del__ is unsafe/timing-dependent).\n- Ensure tests run with an isolated/clean database (either use :memory: or remove any persistence between tests) to avoid leftover rows causing unexpected counts.\n- Handle query results defensively (e.g., fetchone() may return None) to avoid TypeError.\n- Optionally return meaningful values from create_table/search methods if tests expect them (or adjust tests to assert on DB state).\n\n```",
  "BoyerMooreSearch": "```test_results\nTest Summary:\n-TOTAL NUMBER OF TESTS EXECUTED\n16\n-PASS/FAIL COUNT FOR EACH CODE\nPASS: 16\nFAIL: 0\n-SUMMARY OF ERROR MESSAGE IF ANY\nNo errors. All tests passed successfully.\n```",
  "Calculator": "```test_results\nTest Summary:\n-TOTAL NUMBER OF TESTS EXECUTED: 0 (test run aborted before executing tests)\n-RESULT FOR PROGRAM 'Calculator': FAIL (tests did not run)\n\n-DETAILS / PASS-FAIL COUNT:\n  Calculator: 0 passed, 0 failed (no tests executed due to runner error)\n\n-SUMMARY OF ERROR MESSAGE:\n  The test runner failed while attempting to import the translated module:\n  ModuleNotFoundError: No module named 'translation'\n  Traceback excerpt:\n    File \"...tmp...py\", line 66, in <module>\n      from translation.solution_py.Calculator import Calculator\n    ModuleNotFoundError: No module named 'translation'\n\n-RECOMMENDATION:\n  Ensure the translated code is available at the expected import path (translation.solution_py.Calculator) or adjust the test harness to import the provided code directly. Once the import path is fixed, re-run execute_and_compare_tests.\n```",
  "ChandrasekharSieve": "```test_results\nTest Summary:\n- TOTAL NUMBER OF TESTS EXECUTED: 11\n- PASSED: 1\n- FAILED/ERRORED: 10\n- PASSED TEST(S): test_get_primes_5\n- FAILED/ERRORED TESTS:\n  - test_chandrasekharsieve\n  - test_generate_primes_1\n  - test_generate_primes_2\n  - test_generate_primes_3\n  - test_generate_primes_4\n  - test_generate_primes_5\n  - test_get_primes_1\n  - test_get_primes_2\n  - test_get_primes_3\n  - test_get_primes_4\n- SUMMARY OF ERROR MESSAGES:\n  The failing tests all raised:\n    AttributeError: 'ChandrasekharSieve' object has no attribute 'generate_primes'\n  This occurs because the tests call cs.generate_primes(), while the translated class implements _generate_primes (a private method) and populates primes in __init__, but does not provide a public generate_primes() method expected by the test suite.\n```",
  "Chat": "```test_results\nTest Summary:\n-TOTAL NUMBER OF TESTS EXECUTED: 22\n-PASS/FAIL COUNT: 19 passed, 3 failed, 0 errors\n-FAILED TESTS:\n  - test_main (__main__.ChatTestMain.test_main)\n  - test_main_2 (__main__.ChatTestMain.test_main_2)\n  - test_send_message (__main__.ChatTestSendMessage.test_send_message)\n-SUMMARY OF ERROR MESSAGES:\n  All three failures are AssertionError mismatches. The tests expected the chat.users mapping to contain plain dict representations of messages (keys: 'sender','receiver','message','timestamp'), but the implementation stores Chat.Message instances. The test output shows a comparison of <__main__.Chat.Message object ...> vs the expected dict (e.g. {'sender': 'John', 'receiver': 'Mary', 'message': 'Hello', 'timestamp': timestamp}), causing the assertion failures.\n```",
  "ClassRegistrationSystem": "```test_results\nTest Summary:\n-TOTAL NUMBER OF TESTS EXECUTED: 16\n-PASS/FAIL COUNT FOR EACH CODE:\n  - Passed: 3\n  - Failed / Errors: 13\n\n-SUMMARY OF ERROR MESSAGE IF ANY:\n  - Most common error (repeated in many tests):\n    AttributeError: 'dict' object has no attribute 'get_name' or 'get_major'\n    - Cause: Tests supply plain dicts representing students (e.g., {\"name\": ..., \"major\": ...}) or manipulate the students list with dicts, but the implementation expects Student objects with methods get_name()/get_major().\n    - Affected tests: register_student (several), get_students_by_major (all variants), get_most_popular_class_in_major (both variants), and the general test — contributing to the bulk of the 13 errors.\n\n  - Method name mismatch:\n    AttributeError: 'ClassRegistrationSystem' object has no attribute 'get_all_major'\n    - Cause: Tests call get_all_major() (singular) but the implementation defines get_all_majors() (plural).\n    - Affected tests: all tests under get_all_major (3 errors).\n\n-Tests that passed:\n  - test_register_class, test_register_class2, test_register_class3\n\nOverall result: 3 tests passed, 13 errored. The main issues are incompatible expected input types (dict vs Student object) and a method name mismatch (get_all_major vs get_all_majors).\n```",
  "Classroom": "```test_results\nTest Summary:\n-TOTAL NUMBER OF TESTS EXECUTED: 24\n-PASS/FAIL COUNT FOR EACH CODE: Passed: 12, Errors: 12 (no explicit failures, only errors)\n-SUMMARY OF ERROR MESSAGE IF ANY:\n  - The failing tests all raise AttributeError: 'dict' object has no attribute 'start_time'.\n  - Errors occur in:\n    - check_course_conflict_1..6 (6 errors)\n    - is_free_at_1..5 (5 errors)\n    - test_main (1 error)\n  - Root cause: the Classroom methods access course.start_time and course.end_time assuming Course instances, but the test harness supplies course data as dictionaries. When a dict is passed, attribute access (course.start_time) fails. The stack traces point to Classroom.is_free_at and Classroom.check_course_conflict as the locations of the exceptions.\n\nSuggested fix (brief):\n- Update Classroom methods to accept both Course objects and dicts (e.g., support course['start_time'] if attribute access fails), or ensure tests/clients pass Course instances.\n```",
  "CombinationCalculator": "```test_results\nTest Summary:\n-TOTAL NUMBER OF TESTS EXECUTED: 26\n-PASS/FAIL COUNT FOR EACH CODE:\n  - CombinationCalculator: 15 passed, 11 failed\n\n-SUMMARY OF ERROR MESSAGE IF ANY:\n  - count_all(-1) returned nan but test expected False.\n    (Trace: AssertionError: nan != False)\n  - count_all(65) returned inf but test expected False.\n    (Trace: AssertionError: inf != False)\n  - Several selection tests failing: select/select_all returned incomplete sets or empty lists.\n    Examples:\n      - select(2) on ['A','B','C','D'] returned [[A,B],[A,C],[B,C]] but expected combinations including D:\n        [[A,B],[A,C],[A,D],[B,C],[B,D],[C,D]]\n      - select_all and select2 tests show missing combinations (including single ['D'], triples, and the full quadruple).\n    (Traces show mismatched lists; e.g. \"Lists differ: [['A','B'], ['A','C'], ['B','C']] != [['A','B'], ['A','C'], ['A','D'], ['B','C'], ['B','D'], ['C','D']]\")\n  - Root causes (likely):\n    - count_all returns float('nan') / float('inf') for out-of-range n, but tests expect False for invalid inputs. Adjust count_all to return False for n < 0 or n > 63.\n    - _select has an off-by-one in its loop boundary:\n        for i in range(data_index, len(self.datas) - (len(result_list) - result_index)):\n      The range stop should allow the last valid starting index; it should be:\n        for i in range(data_index, len(self.datas) - (len(result_list) - result_index) + 1):\n      This omission causes many combinations (those that include later elements) to be skipped, producing incomplete results.\n\nOverall result: 11 failing tests. Failures are consistent with the two issues above (count_all return values for invalid n; off-by-one error in combination generation loop).\n```",
  "ComplexCalculator": "```test_results\nTest Summary:\n-TOTAL NUMBER OF TESTS EXECUTED: 21\n-PASS/FAIL COUNT FOR EACH CODE:\n  - ComplexCalculator: 21 passed, 0 failed\n-SUMMARY OF ERROR MESSAGE IF ANY:\n  - None. All tests passed successfully.\n```",
  "CookiesUtil": "```test_results\nTest Summary:\n-TOTAL NUMBER OF TESTS EXECUTED: 19\n-PASS/FAIL COUNT FOR EACH CODE: Passed: 19, Failed: 0\n-SUMMARY OF ERROR MESSAGE IF ANY: One runtime message was printed: \"Error writing JSON file: [Errno 13] Permission denied: '.'\". This indicates an attempt to write to the path '.' failed due to permissions, but it did not cause any test to fail. All tests completed OK.\n```",
  "CSVProcessor": "```test_results\nTest Summary:\n-TOTAL NUMBER OF TESTS EXECUTED: 17\n-PASS/FAIL COUNT FOR EACH CODE: PASS: 17 / FAIL: 0\n-SUMMARY OF ERROR MESSAGE IF ANY: None (all tests passed)\n```",
  "CurrencyConverter": "```test_results\nTest Summary:\n- Program key: CurrencyConverter\n- TOTAL NUMBER OF TESTS EXECUTED: 24\n- PASS/FAIL COUNT FOR EACH CODE:\n  - CurrencyConverter: 24 passed, 0 failed\n- SUMMARY OF ERROR MESSAGE IF ANY:\n  - No errors. All tests passed. Full test run output reported \"OK\" and showed each test as \"ok\".\n```",
  "DatabaseProcessor": "```test_results\nTest Summary:\n-TOTAL NUMBER OF TESTS EXECUTED\n0\n-PASS/FAIL COUNT FOR EACH CODE\nPASS: 0\nFAIL: 0\n-SUMMARY OF ERROR MESSAGE IF ANY\nNo errors; test harness reported no tests were run (Ran 0 tests).\n```",
  "DataStatistics": "```test_results\nTest Summary:\n-TOTAL NUMBER OF TESTS EXECUTED: 16\n-PASS/FAIL COUNT FOR EACH CODE: All tests passed (16 passed, 0 failed)\n-SUMMARY OF ERROR MESSAGE IF ANY: No errors. All tests returned OK.\n```",
  "DataStatistics2": "```test_results\nTest Summary:\n-TOTAL NUMBER OF TESTS EXECUTED: 31\n-PASS/FAIL COUNT FOR EACH CODE: DataStatistics2 -> Passed: 31, Failed: 0\n-SUMMARY OF ERROR MESSAGE IF ANY: None (All tests passed; test runner output: \"OK\")\n```",
  "DataStatistics4": "```test_results\nTest Summary:\n-TOTAL NUMBER OF TESTS EXECUTED: 21\n-PASS/FAIL COUNT FOR EACH CODE: PASS: 21 / FAIL: 0\n-SUMMARY OF ERROR MESSAGE IF ANY: None (all tests passed)\n```",
  "DecryptionUtils": "```test_results\nTest Summary:\n-TOTAL NUMBER OF TESTS EXECUTED: 19\n-DecryptionUtils: PASS 19 / FAIL 0\n-SUMMARY OF ERROR MESSAGE IF ANY: None (All tests passed successfully)\n```",
  "DiscountStrategy": "```test_results\nTest Summary:\n-TOTAL NUMBER OF TESTS EXECUTED: 26\n-PASS/FAIL COUNT: 6 passed, 20 failed (errors)\n-SUMMARY OF ERROR MESSAGE:\n Most failures are AttributeError exceptions of the form:\n   \"AttributeError: type object 'DiscountStrategy' has no attribute 'FidelityPromo'\"\n and similarly for 'BulkItemPromo' and 'LargeOrderPromo'.\n These indicate the tests expect DiscountStrategy to expose promo constants as direct class attributes (e.g. DiscountStrategy.FidelityPromo), but the translated code defines them inside an inner PromoType class (DiscountStrategy.PromoType.FidelityPromo). This mismatch causes 20 tests to error before they can run. A recommended fix is to add class-level aliases (or move the constants) so DiscountStrategy.FidelityPromo, DiscountStrategy.BulkItemPromo, and DiscountStrategy.LargeOrderPromo exist.\n```",
  "EightPuzzle": "```test_results\nTest Summary:\n- TOTAL NUMBER OF TESTS EXECUTED: 21\n- PASSED: 17\n- FAILED: 4\n\n- Failures:\n  1) test_find_blank_3: expected None but got (-1, -1)\n  2) test_find_blank_4: expected None but got (-1, -1)\n  3) test_find_blank_5: expected None but got (-1, -1)\n  4) test_solve_6: expected None but got []\n\n- Summary of error messages:\n  - The find_blank method returns (-1, -1) when the blank (0) is not found, but the tests expect None in that case.\n  - The solve method returns an empty list [] for the failing case, while the test expects None (likely indicating unsolvable or invalid initial state).\n```",
  "EmailClient": "```test_results\nTest Summary:\n-TOTAL NUMBER OF TESTS EXECUTED: 26\n-PASS/FAIL COUNT FOR EmailClient: 20 passed / 6 failed\n\n-Failing tests (6):\n  1. test_fetch_2 (__main__.EmailClientTestFetch.test_fetch_2)\n     - Failure: expected None but got {}\n     - Interpretation: fetch() returns {} when there is no unread email, but tests expect None.\n  2. test_fetch_3 (__main__.EmailClientTestFetch.test_fetch_3)\n     - Failure: expected None but got {}\n     - Interpretation: same as above.\n  3. test_main (__main__.EmailClientTestMain.test_main)\n     - Failure: assertEqual failed due to email 'size' field type mismatch: got 'size': '10' (string) but expected 10 (int).\n  4. test_send_to (__main__.EmailClientTestSendTo.test_send_to)\n     - Failure: receiver.inbox[0]['size'] is '10' (string) but expected 10 (int).\n  5. test_send_to_4 (__main__.EmailClientTestSendTo.test_send_to_4)\n     - Failure: list element 'size' is '20' (string) but expected 20 (int).\n  6. test_send_to_5 (__main__.EmailClientTestSendTo.test_send_to_5)\n     - Failure: list element 'size' is '20' (string) but expected 20 (int).\n\n-SUMMARY OF ERROR MESSAGES / ROOT CAUSES:\n- Two failures are caused by fetch() returning an empty dict ({}) when no unread email exists; the tests expect None in that case.\n- Four failures are caused by the email 'size' field being stored as a string (str(size)) in sent emails, while the tests expect an integer value.\n\nIf you want, I can propose or produce a corrected version of the code to make these tests pass (change fetch() to return None when appropriate and store size as an int).",
  "EncryptionUtils": "```test_results\nTest Summary:\n-TOTAL NUMBER OF TESTS EXECUTED: 18\n-PASS/FAIL COUNT FOR EACH CODE:\n  - caesar_cipher: 6 passed, 0 failed\n  - vigenere_cipher: 4 passed, 1 failed\n  - rail_fence_cipher: 6 passed, 0 failed\n  - main: 1 passed, 0 failed\n-OVERALL: 17 passed, 1 failed\n\n-SUMMARY OF ERROR MESSAGE IF ANY:\n  - Failed test: test_vigenere_cipher_4\n  - AssertionError: expected \"Rijvs, Uyvjn! 123\" but got \"Rijvs, Ambpb! 123\"\n  - Traceback (excerpt) indicates the assertion in test_vigenere_cipher_4 comparing encryption_utils.vigenere_cipher(\"Hello, World! 123\") with the expected string.\n  - Probable cause: vigenere_cipher uses the loop index (which counts all characters including non-letters) to select key characters. The tests expect the key to advance only for alphabetic characters. Suggested fix: use a separate key_index that increments only when ch.isalpha().\n```",
  "ExcelProcessor": "```test_results\nTest Summary:\n-TOTAL NUMBER OF TESTS EXECUTED: 1\n-PASS/FAIL COUNT FOR EACH CODE:\n -ExcelProcessor: 0 passed, 1 failed\n-SUMMARY OF ERROR MESSAGE IF ANY:\n -ModuleNotFoundError: No module named 'openpyxl'\n -stderr traceback: Traceback (most recent call last):\n  File \"...\", line 1, in <module>\n    import openpyxl\nModuleNotFoundError: No module named 'openpyxl'\n\n(Notes: Tests could not run because the required dependency 'openpyxl' is not installed in the test environment. To proceed, install openpyxl or provide a mocked/stubbed environment.)\n```",
  "ExpressionCalculator": "```test_results\nTest Summary:\n- TOTAL NUMBER OF TESTS EXECUTED: 37\n- PASSED: 30\n- ERRORS: 7\n- FAILURES: 0\n\n- Tests with errors:\n  - test_ExpressionCalculator (__main__.ExpressionCalculatorTest.test_ExpressionCalculator)\n  - test_calculate_method_1 (__main__.ExpressionCalculatorTestCalculateMethod.test_calculate_method_1)\n  - test_calculate_method_2 (__main__.ExpressionCalculatorTestCalculateMethod.test_calculate_method_2)\n  - test_calculate_method_3 (__main__.ExpressionCalculatorTestCalculateMethod.test_calculate_method_3)\n  - test_calculate_method_4 (__main__.ExpressionCalculatorTestCalculateMethod.test_calculate_method_4)\n  - test_calculate_method_5 (__main__.ExpressionCalculatorTestCalculateMethod.test_calculate_method_5)\n  - test_calculate_method_6 (__main__.ExpressionCalculatorTestCalculateMethod.test_calculate_method_6)\n\n- Summary of error messages:\n  All errors are NameError: name 'Decimal' is not defined. The tests expect Decimal to be available (decimal.Decimal), but Decimal was not imported in the test environment.\n\n- Notes / suggestion:\n  To resolve the errors, ensure Decimal is imported in the test context (e.g., from decimal import Decimal) or update the tests to use float instead of Decimal. The ExpressionCalculator implementation itself ran and produced results for the other tests (30 passed).\n```",
  "FitnessTracker": "```test_results\nTest Summary:\n-TOTAL NUMBER OF TESTS EXECUTED: 16\n-PASS/FAIL COUNT:\n  - Passed: 10\n  - Failed/Errored: 6\n\n-RESULTS BY TEST GROUP:\n  - FitnessTrackerTestGetBMI: 5 tests — 5 ERRORS\n  - FitnessTrackerTestMain: 1 test — 1 ERROR\n  - FitnessTrackerTestCaculateCalorieIntake: 5 tests — 5 PASSED\n  - FitnessTrackerTestConditionJudge: 5 tests — 5 PASSED\n\n-SUMMARY OF ERROR MESSAGES:\n  The failing tests all raise an AttributeError:\n  'FitnessTracker' object has no attribute 'get_BMI'\n  (occurs in tests expecting a method named get_BMI). The translated code defines get_bmi (lowercase) instead of get_BMI, causing the test harness to fail to find the expected method.\n\n```",
  "GomokuGame": "```test_results\nTest Summary:\n-TOTAL NUMBER OF TESTS EXECUTED: 16\n-PASS/FAIL COUNT FOR EACH CODE:\n -GomokuGame: 16 passed, 0 failed\n-SUMMARY OF ERROR MESSAGE IF ANY:\n -None. All tests passed successfully.\n```",
  "HRManagementSystem": "```test_results\nTest Summary:\n-TOTAL NUMBER OF TESTS EXECUTED: 28\n-PASS/FAIL COUNT: 24 passed, 4 failed\n\n-FAILED TESTS:\n  1) test_get_employee_2 (__main__.HRManagementSystemTestGetEmployee.test_get_employee_2)\n     Failure: AssertionError: None != False\n     Details: The test expected get_employee(1) to return False for a missing employee but got None.\n\n  2) test_get_employee_3 (__main__.HRManagementSystemTestGetEmployee.test_get_employee_3)\n     Failure: AssertionError: None != False\n     Details: The test expected get_employee(2) to return False for a missing employee but got None.\n\n  3) test_main (__main__.HRManagementSystemTestMain.test_main)\n     Failure: AssertionError: None != False\n     Details: In the integration/main test the call hr_system.get_employee(2) returned None instead of False.\n\n  4) test_main_2 (__main__.HRManagementSystemTestMain.test_main_2)\n     Failure: AssertionError: None != False\n     Details: In another main test the call hr_system.get_employee(2) returned None instead of False.\n\n-SUMMARY OF ERROR MESSAGES:\n  All failures share the same root assertion: the tests expect get_employee(...) to return False when an employee is not found, but the implemented get_employee method returns None (i.e., self.employees.get(employee_id) returns None for missing keys). The assertion messages are \"None != False\".\n\n-RECOMMENDATION:\n  Align get_employee's return behavior with the tests' expectations. Options:\n   - Change get_employee to return False when the employee is not found (e.g., return self.employees.get(employee_id, False) or explicitly return False if not found).\n   - Alternatively, update the tests to expect None for missing employees if that is the desired API.\n\n```",
  "Interpolation": "```test_results\nTest Summary:\n-TOTAL NUMBER OF TESTS EXECUTED: 13\n-PASS/FAIL COUNT FOR EACH CODE:\n  - Total: 13 passed, 0 failed\n  - interpolate_1d tests: 7 passed, 0 failed\n  - interpolate_2d tests: 5 passed, 0 failed\n  - main test: 1 passed, 0 failed\n-SUMMARY OF ERROR MESSAGE IF ANY:\n  - No errors; all tests passed (OK).\n```",
  "IPAddress": "```test_results\nTest Summary:\n-TOTAL NUMBER OF TESTS EXECUTED: 16\n-PASS/FAIL COUNT FOR EACH CODE:\n  - IPAddress: 16 passed, 0 failed\n-SUMMARY OF ERROR MESSAGE IF ANY:\n  - No errors. All tests passed (Ran 16 tests in 0.003s).\n```",
  "IpUtil": "```test_results\nTest Summary:\n-TOTAL NUMBER OF TESTS EXECUTED: 0 (tests failed to start)\n-IpUtil: 0 passed, 1 failed\n-SUMMARY OF ERROR MESSAGE:\n  ModuleNotFoundError: No module named 'translation'\n  Full stderr:\n  Traceback (most recent call last):\n    File \"C:\\Users\\User\\AppData\\Local\\Temp\\tmpkq2hvjcv.py\", line 38, in <module>\n      from translation.solution_py.IPUtil import IpUtil\n  ModuleNotFoundError: No module named 'translation'\n```",
  "JobMarketplace": "```test_results\nTest Summary:\n-TOTAL NUMBER OF TESTS EXECUTED: 36\n-PASS: 8\n-FAIL: 2\n-ERROR: 26\n\n-PASS/FAIL COUNT FOR PROGRAM 'JobMarketplace':\n  - Passed tests: 8\n  - Failed tests: 2\n  - Errored tests: 26\n\n-SUMMARY OF ERROR MESSAGES:\n  - Many tests raised AttributeError: 'dict' object has no attribute 'job_title' or 'skills' (and similar for 'name', 'requirements', etc.).\n    - Root cause: The test harness compares the marketplace's job listings and resumes with plain dicts and also passes dicts into methods. The translated code uses Job and Resume objects with attribute access (e.g., job.job_title, resume.skills), and the equality methods assume the RHS is another object with those attributes. When comparison or method calls receive dicts, attribute access fails, producing AttributeError.\n  - Two failing assertions (not errors) in remove_job tests:\n    - Expected remaining job list contents did not match actual (one test expected a single job but got an empty list; another expected two jobs but list content differed).\n    - These failures likely stem from the same mismatch between dict representations and object-based storage/equality leading remove_job to remove items unexpectedly or to compare improperly.\n\n-RECOMMENDATION / NEXT STEPS:\n  - Make the implementation and tests agree on the representation:\n    - Option A (preferred to match tests): store job listings and resumes as dicts (e.g., append dicts in post_job/submit_resume) and update methods to use dict access (job['requirements'], resume['skills'], etc.).\n    - Option B: keep Job/Resume objects but implement __eq__ and other methods to handle comparisons with dicts (or convert dicts to objects when interacting with APIs), and ensure methods accept both object and dict inputs.\n  - Update get_job_applicants and matches_requirements to handle dict inputs (e.g., access resume.get('skills') if resume is a dict).\n  - After changing representation or adding guards, re-run the test suite.\n\n```",
  "JSONProcessor": "```test_results\nTest Summary:\n- TOTAL NUMBER OF TESTS EXECUTED: 16\n\n- PASS/FAIL COUNT BY TEST GROUP:\n  - JSONProcessor.read_json tests: 0 passed, 5 failed\n  - JSONProcessor.write_json tests: 5 passed, 0 failed\n  - JSONProcessor.process_json tests: 5 passed, 0 failed\n  - Main integration test (test_main): 0 passed, 1 failed\n\n- OVERALL: 10 passed, 6 failed\n\n- SUMMARY OF ERROR MESSAGES / ROOT CAUSE:\n  - Several failures are due to mismatched return types/values from read_json().\n    - Example failure from test_main and test_read_json_1:\n      AssertionError: (1, {'key1': 'value1', 'key2': 'value2', 'key3': 'value3'}) != {'key1': 'value1', 'key2': 'value2', 'key3': 'value3'}\n      -> The tests expect read_json() to return the raw data (dict) on success, but the implementation returns a tuple (1, data).\n    - Other read_json failures show read_json() returning (-1, None) while the tests expect plain integer status codes (0 or -1) depending on the scenario:\n      Examples:\n      AssertionError: (-1, None) != 0\n      AssertionError: (-1, None) != -1\n      -> The tests expect read_json() to return a single integer status for error cases, not a tuple (-1, None).\n\n  - All write_json and process_json tests passed, indicating those functions behave according to the tests when given the expected inputs/return conventions.\n\n- RECOMMENDATION:\n  - Modify JSONProcessor.read_json to match the tests' expected API:\n    - On success: return the JSON data (not a tuple).\n    - On error cases: return an integer status code (e.g., 0 or -1) as the tests expect.\n  - After adjusting read_json's return format, re-run the test suite to confirm all tests pass.\n```",
  "KappaCalculator": "```test_results\nTest Summary:\n-TOTAL NUMBER OF TESTS EXECUTED: 0 (test run failed during setup)\n-PASS/FAIL COUNT FOR EACH CODE:\n - KappaCalculator: 0 passed, 0 failed (tests not executed due to import/setup error)\n-SUMMARY OF ERROR MESSAGE:\n - ModuleNotFoundError: No module named 'translation'\n - Full stderr from test run:\nTraceback (most recent call last):\n  File \"C:\\Users\\User\\AppData\\Local\\Temp\\tmp67nf2m6d.py\", line 48, in <module>\n    from translation.solution_py.KappaCalculator import KappaCalculator\nModuleNotFoundError: No module named 'translation'\n\nNotes:\n- The test harness failed during import/setup. Please ensure the translated code is placed or referenced at the expected module path (translation.solution_py.KappaCalculator) or adjust the test harness import path so the module can be found.\n```",
  "LongestWord": "```test_results\nTest Summary:\n- TOTAL NUMBER OF TESTS EXECUTED: 10\n- PASS/FAIL COUNT FOR EACH CODE:\n  - add_word tests: 5 passed, 0 failed\n  - find_longest_word tests: 0 passed, 5 failed\n  - Overall: 5 passed, 5 failed\n- SUMMARY OF ERROR MESSAGE:\n  - All failures are due to the same error:\n    AttributeError: 'str' object has no attribute 'ispunct'\n    Trace shows the error occurs in find_longest_word on the line:\n      lower_sentence = ''.join(char for char in lower_sentence if not char.ispunct())\n    Cause: Python str has no ispunct() method. The code likely intended to filter punctuation characters; use alternatives such as:\n      - import string and check char not in string.punctuation, or\n      - use char.isalnum() to keep only alphanumeric characters.\n  - Failing tests:\n    - test_find_longest_word_1\n    - test_find_longest_word_2\n    - test_find_longest_word_3\n    - test_find_longest_word_4\n    - test_find_longest_word_5\n```",
  "MahjongConnect": "```test_results\nTest Summary:\n-TOTAL NUMBER OF TESTS EXECUTED: 28\n-PASS/FAIL COUNT FOR EACH CODE: MahjongConnect: 28 passed, 0 failed\n-SUMMARY OF ERROR MESSAGE IF ANY: No errors; all tests passed successfully.\n```",
  "Manacher": "```test_results\nTest Summary:\n-TOTAL NUMBER OF TESTS EXECUTED: 11\n-PASS/FAIL COUNT FOR EACH CODE: PASS: 11 / FAIL: 0\n-SUMMARY OF ERROR MESSAGE IF ANY: No errors; all tests passed successfully.\n```",
  "MetricsCalculator": "```test_results\nTest Summary:\n-TOTAL NUMBER OF TESTS EXECUTED: 30\n-PASS/FAIL COUNT FOR EACH CODE:\n -metricscalculator: 1 passed, 0 failed\n -update tests: 5 passed, 0 failed\n -precision tests: 6 passed, 0 failed\n -recall tests: 6 passed, 0 failed\n -f1_score tests: 6 passed, 0 failed\n -accuracy tests: 6 passed, 0 failed\n-SUMMARY OF ERROR MESSAGE IF ANY:\n None — all tests passed. (Ran 30 tests; OK)\n```",
  "MetricsCalculator2": "```test_results\nTest Summary:\n- TOTAL NUMBER OF TESTS EXECUTED: 20\n- PASS/FAIL COUNT:\n  - Passed: 14\n  - Failed/Errored: 6\n\n- FAILED/ERRORED TESTS:\n  - test_metricscalculator2_1\n  - test_metricscalculator2_3\n  - test_map_1\n  - test_map_2\n  - test_mrr_1\n  - test_mrr_2\n\n- SUMMARY OF ERROR MESSAGE:\n  All errors are ValueError: \"too many values to unpack (expected 2)\". They occur when the tests call MetricsCalculator2.mrr or MetricsCalculator2.map with a single tuple argument like ([1, 0, 1, 0], 4) rather than an iterable of (vec, k) or (sub_list, total_num) pairs. The code iterates \"for vec, k in data:\" / \"for sub_list, total_num in data:\", which fails if data is a single pair (tuple) instead of a sequence of pairs.\n\n```",
  "MovieBookingSystem": "```test_results\nTest Summary:\n- TOTAL NUMBER OF TESTS EXECUTED: 16\n- PASSED: 11\n- FAILED: 5\n\nFailing tests:\n- test_add_movie_1\n- test_add_movie_3\n- test_add_movie_4\n- test_add_movie_5\n- test_main\n\nSummary of error messages:\n- All failures show an assertion comparing datetime.time(...) to datetime.datetime(...). The tests expect movie['start_time'] (and in main test) to be a datetime.datetime (e.g., datetime.strptime('17:05', '%H:%M')), but the implementation's parse_time returns a datetime.time object. This type mismatch causes the equality assertions to fail.\n\nStdout/stderr excerpt:\n- The test runner reports failures with messages like:\n  \"AssertionError: datetime.time(17, 5) != datetime.datetime(1900, 1, 1, 17, 5)\"\n\nRecommendation:\n- Change parse_time to return a datetime (datetime.datetime) instead of a time, or adjust stored movie times to match the type expected by the tests.\n```",
  "MovieTicketDB": "```test_results\nTest Summary:\n-TOTAL NUMBER OF TESTS EXECUTED: 16\n-PASS/FAIL COUNT FOR EACH CODE: MovieTicketDB: 16 passed, 0 failed\n-SUMMARY OF ERROR MESSAGE IF ANY: No errors. All tests passed successfully.\n```",
  "MusicPlayer": "```test_results\nTest Summary:\n-TOTAL NUMBER OF TESTS EXECUTED: 42\n-PASS/FAIL COUNT FOR MusicPlayer: 37 passed, 5 failed\n\n-Failed tests and summary of errors:\n1) test_play_2\n   - Assertion: expected None but got '' (empty string)\n   - Trace: AssertionError: '' != None\n   - Likely cause: MusicPlayer.play() returns \"\" when no songs; test expects None.\n\n2) test_play_3\n   - Assertion: expected False but got 'song1'\n   - Trace: AssertionError: 'song1' != False\n   - Likely cause: play() returned a song string when test expected False for that scenario (current state/setup mismatch with test expectation).\n\n3) test_set_volume\n   - Assertion: expected None but got True\n   - Trace: AssertionError: True != None\n   - Likely cause: set_volume returns True on success; test expects None for successful calls.\n\n4) test_set_volume2\n   - Assertion: expected None but got True\n   - Trace: AssertionError: True != None\n   - Likely cause: same as test_set_volume (different input value).\n\n5) test_set_volume3\n   - Assertion: expected None but got True\n   - Trace: AssertionError: True != None\n   - Likely cause: same as above (different input).\n\n-Summary:\nMost tests passed (37/42). The failures indicate mismatches between the MusicPlayer methods' return values and the test expectations:\n- play() returns empty string \"\" when no song; tests expect None in at least one case and False in another scenario.\n- set_volume() returns True on success, but tests expect None for successful operations.\n\nIf you want, I can (a) update the implementation to match the tests' expected return values, or (b) show the failing test code so we can align behavior to expectations.",
  "NLPDataProcessor": "```test_results\nTest Summary:\n-TOTAL NUMBER OF TESTS EXECUTED: 11\n-PASS/FAIL COUNT: 10 passed, 1 failed\n-SUMMARY OF ERROR MESSAGE:\n The failing test is: test_remove_stop_words_5\n AssertionError: Lists differ between actual and expected output.\n Expected: [['is', 'test'], ['is', 'apple'], ['is', 'dog']]\n Actual:   [['test'], ['apple'], ['dog']]\n First differing element 0: expected ['is', 'test'] but got ['test']\n Full failure trace indicates the assertion compared the two lists and found that the token 'is' was removed by the implementation whereas the test expected it to be retained.\n```",
  "NLPDataProcessor2": "```test_results\nTest Summary:\n-TOTAL NUMBER OF TESTS EXECUTED: 16\n-PASS/FAIL COUNT FOR EACH CODE: 16 passed, 0 failed\n-SUMMARY OF ERROR MESSAGE IF ANY: No errors. All tests passed (OK).\n```",
  "NumberConverter": "```test_results\nTest Summary:\n-TOTAL NUMBER OF TESTS EXECUTED: 31\n-PASS/FAIL COUNT: Passed: 31, Failed: 0\n-PASS/FAIL COUNT FOR EACH FUNCTION:\n -decimal_to_binary: all tests passed\n -binary_to_decimal: all tests passed\n -decimal_to_octal: all tests passed\n -octal_to_decimal: all tests passed\n -decimal_to_hex: all tests passed\n -hex_to_decimal: all tests passed\n-SUMMARY OF ERROR MESSAGE IF ANY: None (all tests passed; test run reported \"OK\")\n```",
  "NumberWordFormatter": "```test_results\nTest Summary:\n-TOTAL NUMBER OF TESTS EXECUTED\n28\n\n-PASS/FAIL/ERROR COUNT\nPassed: 18\nFailed: 4\nErrored: 6\n\n-FAILED TESTS (names and brief reason)\n1) test_NumberWordFormatter\n2) test_format_1\n3) test_format_2\n4) test_format_3\nReason: Output strings are missing a space before the trailing \"ONLY\" (e.g. \"... FIFTY SIXONLY\" vs expected \"... FIFTY SIX ONLY\").\n\n-ERRORED TESTS (names and brief error)\n1) test_format_string_1\n2) test_format_string_2\n3) test_format_string_3\n4) test_format_string_4\n5) test_format_string_5\n6) test_format_string_6\nError: AttributeError: 'NumberWordFormatter' object has no attribute 'format_string' — the tests expect a method format_string(...) which is not implemented in the provided class.\n\n-SUMMARY OF ERROR MESSAGES\n- AttributeError for missing format_string method in NumberWordFormatter (six tests).\n- Assertion failures due to missing space before final \"ONLY\" in formatted output (four tests).\n\n```",
  "NumericEntityUnescaper": "```test_results\nTest Summary:\n-TOTAL NUMBER OF TESTS EXECUTED: 17\n-PASS/FAIL COUNT FOR EACH CODE: 17 passed, 0 failed\n-SUMMARY OF ERROR MESSAGE IF ANY: No errors. All tests passed (stdout shows OK and lists each successful test).\n```",
  "Order": "```test_results\nTest Summary:\n- TOTAL NUMBER OF TESTS EXECUTED: 17\n- PASSED: 1\n- FAILURES: 1\n- ERRORS: 15\n\nPass/Fail details (by test name snippet from run):\n- Passed:\n  - test_checkout_2\n- Failed:\n  - test_add_dish_6\n- Errors (15 tests; common error shown below):\n  - test_order\n  - test_add_dish_1\n  - test_add_dish_2\n  - test_add_dish_3\n  - test_add_dish_4\n  - test_add_dish_5\n  - test_calculate_total_1\n  - test_calculate_total_2\n  - test_calculate_total_3\n  - test_calculate_total_4\n  - test_calculate_total_5\n  - test_checkout_1\n  - test_checkout_3\n  - test_checkout_4\n  - test_checkout_5\n\nSummary of error messages:\n- The majority of errors are AttributeError raised in Order.add_dish because the tests call add_dish with dicts (e.g. {\"dish\": \"dish1\", \"price\": 10, \"count\": 2}) while the implementation expects objects with attributes (accessing dish.dish, dish.price, dish.count). Example error:\n  AttributeError: 'dict' object has no attribute 'dish'\n- The single failure (not an error) is test_add_dish_6 where the test expected True but got False. This likely indicates a logic or state issue in add_dish when handling a particular case (after the AttributeError issues are addressed, investigate this failing assertion).\n\nNotes / Suggested next steps:\n- Update Order.add_dish (and any other methods) to accept the same input shape the tests use (dictionaries) or ensure tests construct Dish instances. Typical fixes:\n  - Accept both dicts and Dish objects (e.g., read via getattr or dict keys).\n  - Or modify tests to pass Dish objects (if tests are under your control).\n- After fixing the AttributeError mismatch, re-run tests to reveal any further logical failures (e.g., the one failing assertion in test_add_dish_6) and address them.\n\n```",
  "PageUtil": "```test_results\nTest Summary:\n- TOTAL NUMBER OF TESTS EXECUTED: 16\n- PASS/FAIL COUNT FOR EACH CODE: 16 passed, 0 failed\n- SUMMARY OF ERROR MESSAGE IF ANY: No errors; all tests passed successfully.\n```",
  "PersonRequest": "```test_results\nTest Summary:\n- TOTAL NUMBER OF TESTS EXECUTED: 16\n- RESULTS: 6 passed, 5 failed, 5 errors\n\n- FAILURES (5):\n  1) test_PersonRequest: AssertionError: expected None but got '' for pr.name\n  2) test_validate_name_1: AssertionError: expected None but got '' for pr.name\n  3) test_validate_name_2: AssertionError: expected None but got '' for pr.name\n  4) test_validate_sex_1: AssertionError: expected None but got '' for pr.sex\n  5) test_validate_sex_5: AssertionError: expected None but got '' for pr.sex\n\n  Summary: Several tests expect invalid name/sex fields to be None, but the implementation sets them to an empty string \"\" instead.\n\n- ERRORS (5):\n  All errors are AttributeError for pr.phoneNumber (tests reference snake/camel mismatch):\n  Traceback excerpt: AttributeError: 'PersonRequest' object has no attribute 'phoneNumber'\n\n  Summary: The tests expect a phoneNumber attribute (camelCase) but the implementation defines phone_number (snake_case), causing AttributeError. Because of this, phone-number validation tests could not run and raised errors.\n\nOverall diagnosis:\n- Two main issues caused the failures/errors:\n  1) Attribute naming: tests expect phoneNumber, but class uses phone_number.\n  2) Invalid-field representation: tests expect None for invalid inputs, but the class returns empty string \"\".\n\nFix recommendations (to make tests pass):\n- Expose attributes with the expected names (e.g., phoneNumber) or provide compatibility properties.\n- Return None for invalid fields instead of \"\".\n\n```",
  "PushBoxGame": "```test_results\nTest Summary:\n-TOTAL NUMBER OF TESTS EXECUTED: 16\n-PASS/FAIL COUNT FOR EACH CODE:\n  - PushBoxGame: 9 passed, 7 failed\n\n-FAILED TESTS:\n  1. test_init_game_2 (__main__.PushBoxGameTestInitGame.test_init_game_2)\n     - AssertionError: expected False but got <bound method PushBoxGame.is_game_over of <__main__.PushBoxGame object ...>>\n  2. test_move_2 (__main__.PushBoxGameTestMove.test_move_2)\n     - AssertionError: expected False but got <bound method PushBoxGame.is_game_over of <__main__.PushBoxGame object ...>>\n  3. test_move_3 (__main__.PushBoxGameTestMove.test_move_3)\n     - AssertionError: expected False but got <bound method PushBoxGame.is_game_over of <__main__.PushBoxGame object ...>>\n  4. test_move_4 (__main__.PushBoxGameTestMove.test_move_4)\n     - AssertionError: expected False but got <bound method PushBoxGame.is_game_over of <__main__.PushBoxGame object ...>>\n  5. test_move_5 (__main__.PushBoxGameTestMove.test_move_5)\n     - AssertionError: expected False but got <bound method PushBoxGame.is_game_over of <__main__.PushBoxGame object ...>>\n  6. test_move_6 (__main__.PushBoxGameTestMove.test_move_6)\n     - AssertionError: expected False but got <bound method PushBoxGame.is_game_over of <__main__.PushBoxGame object ...>>\n  7. test_move_7 (__main__.PushBoxGameTestMove.test_move_7)\n     - AssertionError: expected False but got <bound method PushBoxGame.is_game_over of <__main__.PushBoxGame object ...>>\n\n-SUMMARY OF ERROR MESSAGES:\n  The failing tests all report an AssertionError where the test expected a boolean (False) but received a bound method object: PushBoxGame.is_game_over. This indicates an API mismatch: the tests access is_game_over as an attribute (boolean), while the translated code implements is_game_over as a method (callable). Adjusting the class to provide an is_game_over boolean attribute or making the tests call is_game_over() would resolve these failures.\n\n```",
  "RegexUtils": "```test_results\nTest Summary:\n-TOTAL NUMBER OF TESTS EXECUTED: 51\n-PASS: 46\n-FAIL: 5\n\n-Failing tests:\n  - test_regexutils (__main__.RegexUtilsTest.test_regexutils)\n  - test_split_1 (__main__.RegexUtilsTestSplit.test_split_1)\n  - test_split_3 (__main__.RegexUtilsTestSplit.test_split_3)\n  - test_split_4 (__main__.RegexUtilsTestSplit.test_split_4)\n  - test_split_5 (__main__.RegexUtilsTestSplit.test_split_5)\n\n-SUMMARY OF ERROR MESSAGES:\n  The failing assertions indicate that the split() method is returning lists with leading/trailing empty strings removed, whereas the tests expect those empty strings to be present in some cases. Example failure message (representative):\n    AssertionError: Lists differ: [' abiguygusu ', ' kjgufwycs '] != ['', ' abiguygusu ', ' kjgufwycs ', '']\n  This shows the actual result is missing the expected leading and trailing empty string elements. The issue appears to originate from the adjustments in RegexUtils.split that trim empty strings when they should sometimes be preserved.\n```",
  "RPGCharacter": "```test_results\nTest Summary:\n-TOTAL NUMBER OF TESTS EXECUTED: 26\n-PASS/FAIL COUNT FOR EACH CODE: PASS: 26 / FAIL: 0\n-SUMMARY OF ERROR MESSAGE IF ANY: None (all tests passed)\n```",
  "Server": "```test_results\nTest Summary:\n-TOTAL NUMBER OF TESTS EXECUTED\n26\n\n-PASS/FAIL COUNT FOR EACH CODE\nServerTest:        1 executed, 0 passed, 1 failed\nAddWhiteList:      5 executed, 2 passed, 3 failed\nDelWhiteList:      5 executed, 1 passed, 4 failed\nRecv:              5 executed, 4 passed, 1 failed\nSend:              5 executed, 5 passed, 0 failed\nShow:              5 executed, 3 passed, 2 failed\n\n-OVERALL\nTotal executed: 26\nPassed: 15\nFailed: 11\n\n-SUMMARY OF ERROR MESSAGES / CAUSES\n1) addr stored as string instead of integer in receive_struct (and returned by show(\"receive\")).\n   Example assertion failure:\n   AssertionError: {'addr': '88', 'content': 'abc'} != {'addr': 88, 'content': 'abc'}\n\n2) add_white_list() and del_white_list() return [] when tests expect False for certain cases (e.g., when attempting to add an already-present address or remove a non-present/invalid address).\n   Example assertion failure:\n   AssertionError: [] != False\n\n3) show(type) returns {} for unknown type but tests expect False for that case.\n   Example assertion failure:\n   AssertionError: {} != False\n\n-RECOMMENDATIONS / NEXT STEPS\n- Change recv to store addr as an int in receive_struct (not str).\n- Align add_white_list and del_white_list return values with the tests (return False instead of empty list for the failing cases).\n- Change show(...) to return False for unknown type (instead of {}), if matching the test expectations.\n\n```",
  "ShoppingCart": "```test_results\nTest Summary:\n-TOTAL NUMBER OF TESTS EXECUTED: 23\n-PASSED: 5\n-FAILED: 18\n\n-Breakdown by test group:\n -ShoppingCartTest: total 1, failed 1\n -ShoppingCartTestAddItem: total 6, failed 6\n -ShoppingCartTestRemoveItem: total 6, failed 6\n -ShoppingCartTestTotalPrice: total 5, passed 5\n -ShoppingCartTestViewItems: total 5, failed 5\n\n-SUMMARY OF ERROR MESSAGES:\n -Many assertions show the cart's items stored as tuples (price, quantity) but the tests expect a mapping with keys 'price' and 'quantity'.\n  Example failure: {'apple': (1, 5)} != {'apple': {'price': 1, 'quantity': 5}}\n -One failure shows a quantity mismatch (expected 5 but got 10), indicating incorrect update behavior when adding existing items (quantity handling/price overwrite).\n -Root cause (as indicated by failures): the internal representation and update logic in add_item/remove_item/view_items does not match the tests' expected data structure (should use {'price': ..., 'quantity': ...} per item and preserve original price when incrementing quantity).\n\nNotes:\n -total_price tests all passed (5/5), so price * quantity calculation for the current internal representation works.\n -To fix the failing tests, change the items representation to use dicts with 'price' and 'quantity' and adjust add_item/remove_item to update only quantity (and remove items when quantity <= 0).\n```",
  "SignInSystem": "```test_results\nTest Summary:\n-TOTAL NUMBER OF TESTS EXECUTED: 26\n-PASS/FAIL COUNT FOR EACH CODE:\n -SignInSystem: 26 passed, 0 failed\n-SUMMARY OF ERROR MESSAGE IF ANY:\n -No errors; all tests passed successfully (OK)\n```",
  "Snake": "```test_results\nTest Summary:\n-TOTAL NUMBER OF TESTS EXECUTED: 21\n-PASS/FAIL COUNT FOR EACH CODE: PASS: 21 / FAIL: 0\n-SUMMARY OF ERROR MESSAGE IF ANY: None — all tests passed successfully.\n```",
  "SplitSentence": "```test_results\nTest Summary:\n-TOTAL NUMBER OF TESTS EXECUTED: 16\n-PASS/FAIL COUNT FOR EACH CODE: PASS: 16, FAIL: 0\n-SUMMARY OF ERROR MESSAGE IF ANY: No errors. All tests passed successfully.\n```",
  "SQLGenerator": "```test_results\nTest Summary:\n-TOTAL NUMBER OF TESTS EXECUTED: 32\n-PASSED: 26\n-FAILED: 0\n-ERRORED: 6\n\n-SUMMARY OF ERRORS:\n Six tests errored with the same exception: AttributeError: 'SQLGenerator' object has no attribute 'delete'.\n Failing tests (examples shown in run output):\n  - test_delete (__main__.SQLGeneratorTestDelete.test_delete)\n  - test_delete_2 (__main__.SQLGeneratorTestDelete.test_delete_2)\n  - test_delete_3 (__main__.SQLGeneratorTestDelete.test_delete_3)\n  - test_delete_4 (__main__.SQLGeneratorTestDelete.test_delete_4)\n  - test_delete_5 (__main__.SQLGeneratorTestDelete.test_delete_5)\n  - test_main (__main__.SQLGeneratorTestMain.test_main)\n\n-ADDITIONAL DETAILS:\n The translated class defines a method named delete_query(...) but the test suite calls sql.delete(...). The missing method name causes the AttributeError. Adding a delete method (or aliasing delete to delete_query) will resolve the errors.\n```",
  "SQLQueryBuilder": "```test_results\nTest Summary:\n-TOTAL NUMBER OF TESTS EXECUTED: 25\n-PASS/FAIL/ERROR COUNT:\n - Passed: 0\n - Failures: 7\n - Errors: 18\n\n-FAILURES (7 tests):\n - test_insert_1 .. test_insert_5 (SQLQueryBuilderTestInsert.test_insert_1..5)\n   - Assertion failures: produced INSERT strings do not match expected results. (Columns/values are incorrect because the insert implementation treats the provided dict-like input as an iterable of strings, producing single-character column names/values.)\n - test_select_6 (SQLQueryBuilderTestSelect.test_select_6)\n - test_select_7 (SQLQueryBuilderTestSelect.test_select_7)\n   - Assertion failures: extra spacing in generated SELECT statements (double space before FROM).\n\n-MAJOR ERRORS (18 tests) — representative messages and root causes:\n - AttributeError: type object 'SQLQueryBuilder' has no attribute 'delete'\n   - Several delete tests call SQLQueryBuilder.delete(...) but the provided class defines delete_ instead of delete.\n - ValueError: too many values to unpack (expected 2)\n   - Occurs in select, update (and others) where the code does list comprehensions like \"for key, value in where\" or \"for key, value in data\". The test harness passes dicts (mapping) rather than lists of (key, value) tuples, so iterating the dict yields keys (strings), which cannot be unpacked into (key, value).\n - Other assertion mismatches (see Failures section) due to incorrect handling of dict inputs and spacing.\n\n-SUMMARY / SUGGESTED FIXES:\n - Provide a delete(...) alias (or rename delete_ to delete) to match expected API.\n - Accept dict inputs for data and where parameters (e.g., if a dict is passed, use dict.items()) in select, insert, update, delete so unpacking into key/value works.\n - Avoid leading spaces in appended query fragments. Build segments without leading spaces (e.g., \"FROM {table}\" and \"WHERE {conditions}\") and join with a single space to prevent double spaces.\n - Ensure insert handles mappings by extracting keys/values properly, preserving full names and values.\n\n```",
  "Statistics3": "```test_results\nTest Summary:\n-TOTAL NUMBER OF TESTS EXECUTED: 36\n-PASSED: 22\n-FAILED: 14\n\n-Failing tests (14):\n  1) test_correlation\n     - Assertion: expected 1.0 but got 0.9999999999999998 (floating precision)\n  2) test_correlation_2\n     - Assertion: expected 1.0 but got 0.9999999999999998 (floating precision)\n  3) test_correlation_3\n     - Assertion: expected 1.0 but got 0.9999999999999998 (floating precision)\n  4) test_correlation_4\n     - Assertion: expected None but got nan (degenerate case with zero variance)\n  5) test_correlation_5\n     - Assertion: expected None but got nan (degenerate case with zero variance)\n  6) test_correlation_matrix\n     - Assertion: expected matrix of exact 1.0 entries but got 1.0000000000000002 (floating precision)\n  7) test_correlation_matrix_2\n     - Same floating precision differences (1.0000000000000002 vs 1.0)\n  8) test_correlation_matrix_3\n     - Assertion: expected None entries but got nan entries (degenerate case with single-row input)\n  9) test_correlation_matrix_4\n     - Same floating precision differences (0.9999999999999999 vs 1.0)\n 10) test_main\n     - Assertion: expected 1.0 but got 0.9999999999999998 (floating precision)\n 11) test_mean_2\n     - Assertion: expected None for mean([]) but got nan\n 12) test_z_score_2\n     - Assertion: expected None but got [nan, nan, nan, nan] (degenerate zero-variance handling)\n 13) test_z_score_3\n     - Assertion: expected None but got [nan] (single-element input handling)\n 14) test_z_score_5\n     - Assertion: expected None but got [nan, nan, nan, nan, nan] (degenerate zero-variance handling)\n\n-Summary of root causes observed:\n  - Several failures are due to floating-point rounding producing values like 0.9999999999999998 or 1.0000000000000002 where tests expect exact 1.0. These should be handled by rounding or using an approximate comparison (or returning exactly 1.0 when mathematically appropriate).\n  - Several failures arise from inconsistent handling of degenerate cases (empty lists, single-element lists, or zero-variance vectors): the implementation returns float('nan') or lists of nan, while the tests expect None for those cases. The code should return None in these degenerate situations to match the test expectations.\n  - correlation_matrix propagates the above correlation behavior (both precision and nan vs None differences).\n\nRecommendations to fix code to pass tests:\n  - For mean([]) return None instead of float('nan').\n  - For correlation when denominator is zero, return None (not nan).\n  - For z_score on degenerate inputs (std dev undefined or zero, or insufficient length), return None instead of a list of nan.\n  - For correlation (and correlation_matrix), either format/round results to a stable number of decimal places (e.g., round to 10 or 12 decimals) or return exact 1.0 in perfect-correlation cases to avoid assertEqual float mismatches; alternatively, tests should use approximate comparisons. Returning rounded floats will satisfy the current exact-equality tests.\n\n```",
  "StockPortfolioTracker": "```test_results\nTest Summary:\n- TOTAL NUMBER OF TESTS EXECUTED: 38\n- PASSED: 4\n- FAILED: 0\n- ERRORED: 34\n\n-SUMMARY OF ERROR MESSAGES:\nMost errors are AttributeError exceptions because the tests call methods with dicts (e.g. {\"name\": \"...\", \"price\": ..., \"quantity\": ...}) while the implementation expects objects with attributes (accesses stock.name, stock.price, stock.quantity). Example error messages seen repeatedly:\n  - AttributeError: 'dict' object has no attribute 'name'\n  - AttributeError: 'dict' object has no attribute 'price'\nThese occur in methods: add_stock, remove_stock, buy_stock, sell_stock, calculate_portfolio_value, get_portfolio_summary, get_stock_value, and others.\n\n-IMPACT / NEXT STEPS:\nThe implementation works for Stock instances (some tests that used Stock objects passed), but it does not handle dictionary inputs used by many tests. To fix the errors, either:\n  - Accept and handle dict inputs (convert dict to Stock or read keys), or\n  - Require tests to pass Stock instances (change tests).\n```",
  "StudentDatabaseProcessor": "```test_results\nTest Summary:\n-TOTAL NUMBER OF TESTS EXECUTED: 16\n-PASS: 10\n-FAIL/ERROR: 6\n\n-Failing tests:\n  - test_StudentDatabaseProcessor (__main__.StudentDatabaseProcessorTest.test_StudentDatabaseProcessor)\n  - test_search_student_by_name_1 (__main__.StudentDatabaseProcessorTestSearchStudentByName.test_search_student_by_name_1)\n  - test_search_student_by_name_2 (__main__.StudentDatabaseProcessorTestSearchStudentByName.test_search_student_by_name_2)\n  - test_search_student_by_name_3 (__main__.StudentDatabaseProcessorTestSearchStudentByName.test_search_student_by_name_3)\n  - test_search_student_by_name_4 (__main__.StudentDatabaseProcessorTestSearchStudentByName.test_search_student_by_name_4)\n  - test_search_student_by_name_5 (__main__.StudentDatabaseProcessorTestSearchStudentByName.test_search_student_by_name_5)\n\n-SUMMARY OF ERROR MESSAGES:\n  All errors are KeyError: 1 raised when tests attempt to access result[0][1]. This indicates the test received a dict for result[0] (so indexing by integer fails) instead of an indexable sequence (list/tuple). The failing tests call methods that return rows and expect row-style sequences; however, search_student_by_name currently returns a list of dictionaries, causing these KeyError exceptions.\n```",
  "TextFileProcessor": "```test_results\nTest Summary:\n- TOTAL NUMBER OF TESTS EXECUTED: 21\n- PASS/FAIL COUNT FOR EACH CODE: 21 passed, 0 failed\n- SUMMARY OF ERROR MESSAGE IF ANY: No errors. All tests passed successfully.\n```",
  "Thermostat": "```test_results\nTest Summary:\n-TOTAL NUMBER OF TESTS EXECUTED: 36\n-PASS/FAIL COUNT FOR EACH CODE:\n  - Thermostat: 36 passed, 0 failed\n-SUMMARY OF ERROR MESSAGE IF ANY:\n  - None. All tests passed (TEST_PASS).\n```",
  "TicTacToe": "```test_results\nTest Summary:\n-TOTAL NUMBER OF TESTS EXECUTED: 16\n-PASS/FAIL COUNT FOR TicTacToe: 14 passed, 2 failed\n\n-SUMMARY OF ERRORS:\n1) test_check_winner_5: expected None but got '\\x00'\n   Trace: AssertionError: '\\x00' != None\n   Cause: check_winner() returns the string '\\\\0' (a null character) when there is no winner instead of returning None.\n\n2) test_main: expected a falsy value (False) but got '\\x00'\n   Trace: AssertionError: '\\x00' is not false\n   Cause: Same as above — returning '\\\\0' (a non-empty string) is truthy, so tests expecting None/False fail.\n\nOverall: 2 failing tests due to check_winner() returning the string '\\\\0' rather than None (or another falsy value). Replacing the final return '\\\\0' with return None should resolve the failing tests.\n```",
  "TimeUtils": "```test_results\nTest Summary:\n-TOTAL NUMBER OF TESTS EXECUTED: 36\n-PASS/FAIL COUNT: 20 passed, 16 failed (errors)\n\n-SUMMARY OF ERRORS:\n1) AttributeError: type object 'datetime.datetime' has no attribute 'timedelta'\n   - Seen in: test_timeutils, all test_add_seconds_* failures.\n   - Likely cause: a namespace/import collision: the code uses \"from datetime import datetime, timedelta\" and/or binds names that make the test's expected datetime module/class references resolve incorrectly (tests expect to use datetime.timedelta). This leads to attempts to access timedelta on a datetime class object rather than the module.\n\n2) TypeError: Tuple or struct_time argument required\n   - Seen in: all test_datetime_to_string_* failures.\n   - Cause: datetime_to_string uses time.strftime expecting a struct_time/tuple, but tests pass a datetime.datetime object. The method should accept/handle datetime.datetime (e.g., use datetime_obj.strftime(...)).\n\n3) AttributeError: type object 'datetime.datetime' has no attribute 'datetime'\n   - Seen in: all test_string_to_datetime_* failures.\n   - Cause: Tests call datetime.datetime(...) but the name resolution yields a datetime class object rather than the datetime module, again indicating an import/namespace mismatch. Also, string_to_datetime currently returns a time.struct_time but tests expect a datetime.datetime instance (use datetime.strptime to return a datetime object).\n\nOverall diagnosis:\n- The failing tests are clustered around incorrect handling/return types for datetime vs time.struct_time and an import/name collision between the datetime module and the datetime class. Fixes should include using the datetime module consistently (e.g., import datetime and reference datetime.datetime / datetime.timedelta), returning datetime.datetime objects from string_to_datetime, and formatting datetime.datetime objects in datetime_to_string.\n```",
  "TriCalculator": "```test_results\nTest Summary:\n-TOTAL NUMBER OF TESTS EXECUTED: 26\n-PASSED: 24\n-FAILED: 2\n\n-Failing tests and short error summary:\n  1) test_tricalculator (TriCalculatorTest.test_tricalculator)\n     - AssertionError: expected False but got nan\n     - Trace: self.assertEqual(tricalculator.tan(90), False) -> nan != False\n\n  2) test_tan_2 (TriCalculatorTestTan.test_tan_2)\n     - AssertionError: expected False but got nan\n     - Trace: self.assertEqual(tricalculator.tan(90), False) -> nan != False\n\n-Notes:\n  - The implementation prints \"Taylor result for cos: ...\" during tests.\n  - Both failures are due to tricalculator.tan(90) returning NaN while the tests expect the boolean False. The tan() method returns float('nan') when |cos(x)| <= 0.01, which is a type/value mismatch with the test expectation.\n```",
  "TwentyFourPointGame": "```test_results\nTest Summary:\n-TOTAL NUMBER OF TESTS EXECUTED: 18\n-PASS/FAIL COUNT FOR EACH CODE: 18 passed, 0 failed\n-SUMMARY OF ERROR MESSAGE IF ANY: None (All tests passed; output reports \"OK\")\n```",
  "URLHandler": "```test_results\nTest Summary:\n-TOTAL NUMBER OF TESTS EXECUTED: 32\n-PASSED: 27\n-FAILED: 5\n\n-PASS/FAIL COUNT FOR EACH METHOD:\n- test_urlhandler (overall generic test): 1 passed, 0 failed\n- get_scheme: 6 tests → 5 passed, 1 failed\n- get_host:   8 tests → 7 passed, 1 failed\n- get_path:   6 tests → 5 passed, 1 failed\n- get_query_params: 6 tests → 5 passed, 1 failed\n- get_fragment: 5 tests → 4 passed, 1 failed\n\n-SUMMARY OF ERROR MESSAGES / FAILURES:\n1) test_get_fragment_2\n   - Assertion: expected None, got '' (empty string)\n2) test_get_host_6\n   - Assertion: expected None (isNone), got '' (empty string)\n3) test_get_path_6\n   - Assertion: expected None (isNone), got '' (empty string)\n4) test_get_query_params_3\n   - Assertion: expected None, got {} (empty dict)\n5) test_get_scheme_6\n   - Assertion: expected None (isNone), got '' (empty string)\n\n-OBSERVED ROOT CAUSE:\nThe implementation returns empty strings (\"\") or an empty dict ({}) for missing URL components, whereas the tests expect None for absent components in several cases (scheme, host, path, fragment) and expect None instead of an empty dict for query params.\n\nIf you want, I can provide a corrected version of the code that returns None when components are absent (and update get_query_params to return None for no query) and re-run the tests.",
  "UrlPath": "```test_results\nTest Summary:\n- TOTAL NUMBER OF TESTS EXECUTED: 19\n- PASSED: 11\n- FAILED: 8\n\n- PASS/FAIL COUNT FOR EACH TEST GROUP:\n  - UrlPathTest: 1 test — 0 passed, 1 failed\n  - UrlPathTestAdd: 5 tests — 5 passed, 0 failed\n  - UrlPathTestFixPath: 6 tests — 6 passed, 0 failed\n  - UrlPathTestParse: 7 tests — 0 passed, 7 failed\n\n- SUMMARY OF ERROR MESSAGES:\n  All failures are AssertionError instances where the tests expected the boolean flag \"with_end_tag\" but got a bound method instead. Example failure message (repeated across the failing tests):\n\n    AssertionError: <bound method UrlPath.with_end_tag of <UrlPath object ...>> != True\n    (or != False depending on the test)\n\n  This indicates the implementation exposes with_end_tag as a method (callable) rather than as an attribute/property returning a boolean. The parse-related tests fail because they assert the boolean value of with_end_tag after parsing various paths; they are seeing the method object rather than True/False.\n\n```",
  "UserLoginDB": "```test_results\nTest Summary:\n-TOTAL NUMBER OF TESTS EXECUTED: 1\n-PASS/FAIL COUNT FOR PROGRAM 'UserLoginDB': Passed: 0, Failed: 1 (errors=1)\n-SUMMARY OF ERROR MESSAGE IF ANY:\n  sqlite3.OperationalError: near \"CREATE\": syntax error\n  Traceback points to cursor.execute(create_table_query) in the test setup (the CREATE TABLE SQL execution failed).\n```",
  "VectorUtil": "```test_results\nTest Summary:\n-TOTAL NUMBER OF TESTS EXECUTED: 22\n-PASSED: 6\n-FAILED/ERRORS: 16\n\n-PASSED TESTS:\n  - test_compute_idf_weight_dict_1\n  - test_compute_idf_weight_dict_2\n  - test_compute_idf_weight_dict_3\n  - test_compute_idf_weight_dict_4\n  - test_compute_idf_weight_dict_5\n  - test_n_similarity_6\n\n-FAILED/ERRORED TESTS (16):\n  - test_vectorutil\n  - test_cosine_similarities_1\n  - test_cosine_similarities_2\n  - test_cosine_similarities_3\n  - test_cosine_similarities_4\n  - test_cosine_similarities_5\n  - test_n_similarity_1\n  - test_n_similarity_2\n  - test_n_similarity_3\n  - test_n_similarity_4\n  - test_n_similarity_5\n  - test_similarity_1\n  - test_similarity_2\n  - test_similarity_3\n  - test_similarity_4\n  - test_similarity_5\n\n-SUMMARY OF ERROR MESSAGES:\n  The majority of failing tests raised NameError: name 'np' is not defined. The test code attempts to use numpy (np.array) but numpy was not imported in the test harness environment, causing errors before exercising VectorUtil for many tests. No other implementation exceptions were reported by the test output.\n\n-ReCOMMENDATION:\n  - Ensure the test environment imports numpy as np, or modify tests to use plain Python tuples/lists instead of numpy arrays.\n  - After fixing the test import issue, re-run the test suite to reveal any remaining functional failures (if any).\n```",
  "VendingMachine": "```test_results\nTest Summary:\n-TOTAL NUMBER OF TESTS EXECUTED: 27\n-PASSED: 6, FAILED: 20, ERRORS: 1\n\n-SUMMARY OF ERROR MESSAGE IF ANY:\n1) ERROR:\n   - AttributeError: 'VendingMachine' object has no attribute 'balance'\n   - Occurred in test_insert_coin_3. Tests access vendingMachine.balance but the class uses balance_ (and set_balance), so attribute naming/access mismatch.\n\n2) MANY FAILURES (AssertionError) with common causes:\n   - Tests expect vendingMachine.inventory to be a dict attribute; the translated code defines inventory(self) as a method, so vendingMachine.inventory is a bound method — causing equality assertions to fail.\n   - display_items() returns the string \"false\" for an empty inventory, but tests expect False (boolean) or formatted item strings when inventory is non-empty.\n   - Quantity values are stored/handled as float in inventory (e.g., 10.0) while tests expect integer quantities (e.g., 10). This leads to mismatches in inventory assertions and display formatting.\n   - restock_item(...) returns False in cases where tests expect True — likely due to inventory key/access or type mismatches.\n   - purchase_item(...) did not consistently decrement inventory quantities as expected in some tests (inventory remained unchanged for some purchase tests).\n\nOverall: 27 tests run; 6 passed; 20 failed; 1 error. Primary fixes needed: align attribute names (balance vs balance_), expose inventory as the expected attribute (or provide a property), return the expected boolean/string types from display_items, and use integer quantities (or ensure tests' expected types match). Addressing these will likely resolve the bulk of failures.\n```",
  "Warehouse": "```test_results\nTest Summary:\n-TOTAL NUMBER OF TESTS EXECUTED: 32\n-PASS/FAIL COUNT FOR PROGRAM 'Warehouse': Passed: 13, Failed: 19\n\n-SUMMARY OF ERROR MESSAGES / FAILING PATTERNS:\n1) Many AssertionError failures show a bound method being returned instead of the expected dict.\n   Example: AssertionError: <bound method Warehouse.inventory ...> != {1: {'name': 'product 1', 'quantity': 10}}\n   - This indicates the tests expect warehouse.inventory and warehouse.orders to be data attributes (dicts) or callable properties accessed without parentheses, but the translated code defines inventory() and orders() methods. The tests are checking the attribute, not calling the method.\n\n2) Type mismatches for quantities and IDs:\n   - Tests expect numeric (int) quantities/product_ids in inventory and orders, but the translated code stores quantities and product_id as strings (e.g., '10' instead of 10). This causes several equality failures in add_product, create_order, and update_product_quantity tests.\n\n3) Affected test groups (examples of failing tests):\n   - Add product tests: test_add_product_* (multiple failures)\n   - Update product quantity tests: test_update_product_quantity_* (multiple failures)\n   - Create order tests: test_create_order_* (multiple failures)\n   - Change order status tests: several failures\n   - Main integration test: test_main\n\nRECOMMENDATIONS TO FIX:\n- Expose inventory and orders as dict attributes (e.g., remove inventory()/orders() methods or make them properties returning the dicts so tests see dicts when accessing warehouse.inventory and warehouse.orders).\n- Store quantities and product_id values as ints (not strings) in both inventory and orders to match test expectations.\n- Ensure update_product_quantity and create_order maintain numeric types and correct behavior when products/orders are present or absent.\n\n```",
  "WeatherSystem": "```test_results\nTest Summary:\n- TOTAL NUMBER OF TESTS EXECUTED: 22\n- PASSED: 15\n- FAILURES: 1\n- ERRORS: 6\n\nDetails:\n- Failed test:\n  - test_query_2: AssertionError: expected False but got (0.0, '').\n- Errored tests (all raised AttributeError in WeatherSystem.query):\n  - test_main\n  - test_query\n  - test_query_3\n  - test_query_4\n  - test_query_5\n  - test_query_6\n\nSummary of error messages / root cause:\n- Several tests raise:\n  AttributeError: 'dict' object has no attribute 'temperature'\n  This occurs in WeatherSystem.query when it does `weather_info = self.weather_list.get(self.city)` and then accesses `weather_info.temperature`. The tests supply weather entries as plain dicts, not WeatherInfo objects, so query should handle dict entries (e.g., access weather_info['temperature'] / ['weather'] / ['temperature_units']) or normalize inputs to WeatherInfo instances. Additionally, one test expects query(...) to return False for a missing city but the implementation returns (0.0, ''), causing the single assertion failure.\n\nRecommendation:\n- Update WeatherSystem.query to accept both dict and WeatherInfo entries (or convert dicts to WeatherInfo), and ensure the return value for a missing city matches the tests (False if that's the expectation) or adjust accordingly.\n```",
  "Words2Numbers": "```test_results\nTest Summary:\n- TOTAL NUMBER OF TESTS EXECUTED: 0 (test run failed before executing tests)\n- PASS/FAIL COUNT FOR EACH CODE: 0 passed, 0 failed (no tests executed); overall test run status: FAIL\n- SUMMARY OF ERROR MESSAGE:\n  ModuleNotFoundError: No module named 'translation'\n  Full stderr:\n  Traceback (most recent call last):\n    File \"C:\\Users\\User\\AppData\\Local\\Temp\\tmpge4se8kx.py\", line 78, in <module>\n      from translation.solution_py.Words2Numbers import Words2Numbers\n  ModuleNotFoundError: No module named 'translation'\n```",
  "XMLProcessor": "```test_results\nTest Summary:\n- TOTAL NUMBER OF TESTS EXECUTED: 23\n- PASSED: 12\n- FAILED: 10\n- ERRORS: 1\n\n- FAILED TESTS:\n  - test_process_xml_data_1\n  - test_process_xml_data_2\n  - test_process_xml_data_3\n  - test_process_xml_data_4\n  - test_process_xml_data_5\n  - test_write_xml_1\n  - test_write_xml_2\n  - test_write_xml_3\n  - test_write_xml_4\n  - test_write_xml_5\n\n- ERROR DETAILS:\n  - test_read_xml_6 raised FileNotFoundError: [Errno 2] No such file or directory: ''  \n    Trace indicates read_xml attempted ET.parse(self.file_name) with an empty file_name, causing the file-open to fail.\n\n- SUMMARY OF FAILURE MESSAGES:\n  - Multiple assertions expecting True failed (process_xml_data_* and write_xml_*). The test output shows these returned False when True was expected.\n  - The pattern suggests write_xml returned False because self.tree was None, and process_xml_data returns the result of write_xml; so process_xml_data tests also failed as a consequence.\n\n```",
  "ZipFileProcessor": "```test_results\nTest Summary:\n- Total tests executed: 25\n- Passed: 4\n- Failed / Errored: 21\n\nFailures / Errors (summary):\n1) AttributeError: 'ZipFileInfo' object has no attribute 'close'\n   - Occurred in: test_ZipFileProcessor and test_read_zip_file_1..5\n   - Cause: read_zip_file returns a ZipFileInfo instance that lacks a .close() method. Tests expect a file-like/zipfile object or an object providing .close().\n\n2) OSError: [WinError 145] The directory is not empty: 'test_folder'\n   - Occurred in many tests during cleanup (tests for create_zip_file_1..5, extract_all_1..5, extract_file_1..5)\n   - Cause: test teardown attempted os.rmdir on a non-empty directory (files/directories created by the tests remain). This indicates files were created/extracted but not removed before rmdir, or the test expected different behavior.\n\n3) Logged errors printed during test run:\n   - \"Error creating zip file: [Errno 2] No such file or directory: ''\"\n   - \"Error reading zip file: [Errno 2] No such file or directory: ''\"\n   - These point to calls with empty/invalid file paths in some test cases and/or insufficient validation/handling of empty paths by create_zip_file/read_zip_file.\n\nOverall:\n- 4 tests passed (test_*_6 variants), 21 errored.\n- Key actionable issues: make read_zip_file return an object compatible with test expectations (provide a .close() or return zipfile.ZipFile), ensure create_zip_file and extraction methods correctly handle/validate paths and clean up created files so test teardown can remove directories successfully.\n```"
}